safeCardApp/build/outputs/logs/manifest-merger-usi-debug-report.txt
-- Merging decision tree log ---
manifest
ADDED from src\main\AndroidManifest.xml:2:1-216:12
	package
		ADDED from src\main\AndroidManifest.xml:4:5-30
		INJECTED from src\main\AndroidManifest.xml
		INJECTED from src\main\AndroidManifest.xml
	android:versionName
		ADDED from src\main\AndroidManifest.xml:6:5-30
		INJECTED from src\main\AndroidManifest.xml
		INJECTED from src\main\AndroidManifest.xml
	xmlns:tools
		ADDED from src\main\AndroidManifest.xml:3:5-51
	android:versionCode
		ADDED from src\main\AndroidManifest.xml:5:5-28
		INJECTED from src\main\AndroidManifest.xml
		INJECTED from src\main\AndroidManifest.xml
	xmlns:android
		ADDED from src\main\AndroidManifest.xml:2:11-69
uses-sdk
ADDED from src\main\AndroidManifest.xml:8:5-10:41
MERGED from [com.android.support:multidex:1.0.1] AndroidManifest.xml:18:5-42
MERGED from [SvnParent:library:unspecified] AndroidManifest.xml:7:5-9:41
MERGED from [SvnParent:easeUI:unspecified] AndroidManifest.xml:7:5-9:41
MERGED from [com.android.support:support-v4:23.0.1] AndroidManifest.xml:20:5-43
MERGED from [com.android.support:support-v4:23.0.1] AndroidManifest.xml:20:5-43
	android:targetSdkVersion
		ADDED from src\main\AndroidManifest.xml:10:9-38
		INJECTED from src\main\AndroidManifest.xml
		INJECTED from src\main\AndroidManifest.xml
	android:minSdkVersion
		ADDED from src\main\AndroidManifest.xml:9:9-35
		INJECTED from src\main\AndroidManifest.xml
		INJECTED from src\main\AndroidManifest.xml
uses-permission#android.permission.VIBRATE
ADDED from src\main\AndroidManifest.xml:13:5-66
	android:name
		ADDED from src\main\AndroidManifest.xml:13:22-63
uses-permission#android.permission.INTERNET
ADDED from src\main\AndroidManifest.xml:14:5-67
	android:name
		ADDED from src\main\AndroidManifest.xml:14:22-64
uses-permission#android.permission.RECORD_AUDIO
ADDED from src\main\AndroidManifest.xml:15:5-71
	android:name
		ADDED from src\main\AndroidManifest.xml:15:22-68
uses-permission#android.permission.CAMERA
ADDED from src\main\AndroidManifest.xml:16:5-65
	android:name
		ADDED from src\main\AndroidManifest.xml:16:22-62
uses-permission#android.permission.ACCESS_NETWORK_STATE
ADDED from src\main\AndroidManifest.xml:17:5-79
	android:name
		ADDED from src\main\AndroidManifest.xml:17:22-76
uses-permission#android.permission.ACCESS_MOCK_LOCATION
ADDED from src\main\AndroidManifest.xml:18:5-79
	android:name
		ADDED from src\main\AndroidManifest.xml:18:22-76
uses-permission#android.permission.WRITE_EXTERNAL_STORAGE
ADDED from src\main\AndroidManifest.xml:19:5-81
	android:name
		ADDED from src\main\AndroidManifest.xml:19:22-78
uses-permission#android.permission.MOUNT_UNMOUNT_FILESYSTEMS
ADDED from src\main\AndroidManifest.xml:20:5-84
	android:name
		ADDED from src\main\AndroidManifest.xml:20:22-81
uses-permission#android.permission.ACCESS_FINE_LOCATION
ADDED from src\main\AndroidManifest.xml:21:5-79
	android:name
		ADDED from src\main\AndroidManifest.xml:21:22-76
uses-permission#android.permission.GET_TASKS
ADDED from src\main\AndroidManifest.xml:22:5-68
	android:name
		ADDED from src\main\AndroidManifest.xml:22:22-65
uses-permission#android.permission.ACCESS_WIFI_STATE
ADDED from src\main\AndroidManifest.xml:23:5-76
	android:name
		ADDED from src\main\AndroidManifest.xml:23:22-73
uses-permission#android.permission.CHANGE_WIFI_STATE
ADDED from src\main\AndroidManifest.xml:24:5-76
	android:name
		ADDED from src\main\AndroidManifest.xml:24:22-73
uses-permission#android.permission.WAKE_LOCK
ADDED from src\main\AndroidManifest.xml:25:5-68
	android:name
		ADDED from src\main\AndroidManifest.xml:25:22-65
uses-permission#android.permission.MODIFY_AUDIO_SETTINGS
ADDED from src\main\AndroidManifest.xml:26:5-80
	android:name
		ADDED from src\main\AndroidManifest.xml:26:22-77
uses-permission#android.permission.READ_PHONE_STATE
ADDED from src\main\AndroidManifest.xml:27:5-75
	android:name
		ADDED from src\main\AndroidManifest.xml:27:22-72
uses-permission#android.permission.ACCESS_COARSE_LOCATION
ADDED from src\main\AndroidManifest.xml:32:5-81
	android:name
		ADDED from src\main\AndroidManifest.xml:32:22-78
uses-permission#android.permission.CHANGE_CONFIGURATION
ADDED from src\main\AndroidManifest.xml:38:5-79
	android:name
		ADDED from src\main\AndroidManifest.xml:38:22-76
uses-permission#android.permission.WRITE_SETTINGS
ADDED from src\main\AndroidManifest.xml:39:5-73
	android:name
		ADDED from src\main\AndroidManifest.xml:39:22-70
uses-permission#android.permission.CHANGE_NETWORK_STATE
ADDED from src\main\AndroidManifest.xml:44:5-79
	android:name
		ADDED from src\main\AndroidManifest.xml:44:22-76
uses-permission#android.permission.READ_CONTACTS
ADDED from src\main\AndroidManifest.xml:46:5-72
	android:name
		ADDED from src\main\AndroidManifest.xml:46:22-69
uses-permission#android.permission.SEND_SMS
ADDED from src\main\AndroidManifest.xml:48:5-67
	android:name
		ADDED from src\main\AndroidManifest.xml:48:22-64
uses-permission#android.permission.READ_SMS
ADDED from src\main\AndroidManifest.xml:50:5-67
	android:name
		ADDED from src\main\AndroidManifest.xml:50:22-64
uses-permission#android.permission.WRITE_SMS
ADDED from src\main\AndroidManifest.xml:52:5-68
	android:name
		ADDED from src\main\AndroidManifest.xml:52:22-65
uses-permission#android.permission.RECEIVE_SMS
ADDED from src\main\AndroidManifest.xml:54:5-70
	android:name
		ADDED from src\main\AndroidManifest.xml:54:22-67
uses-permission#android.permission.FLASHLIGHT
ADDED from src\main\AndroidManifest.xml:58:5-69
	android:name
		ADDED from src\main\AndroidManifest.xml:58:22-66
uses-feature#android.hardware.camera
ADDED from src\main\AndroidManifest.xml:60:5-60
	android:name
		ADDED from src\main\AndroidManifest.xml:60:19-57
uses-feature#android.hardware.camera.autofocus
ADDED from src\main\AndroidManifest.xml:61:5-70
	android:name
		ADDED from src\main\AndroidManifest.xml:61:19-67
uses-permission#android.permission.MANAGE_ACCOUNTS
ADDED from src\main\AndroidManifest.xml:64:5-74
	android:name
		ADDED from src\main\AndroidManifest.xml:64:22-71
uses-permission#com.android.launcher.permission.WRITE_SETTINGS
ADDED from src\main\AndroidManifest.xml:65:5-85
	android:name
		ADDED from src\main\AndroidManifest.xml:65:22-83
application
ADDED from src\main\AndroidManifest.xml:66:5-214:19
MERGED from [SvnParent:library:unspecified] AndroidManifest.xml:11:5-20
MERGED from [com.android.support:support-v4:23.0.1] AndroidManifest.xml:22:5-20
MERGED from [com.android.support:support-v4:23.0.1] AndroidManifest.xml:22:5-20
	android:label
		ADDED from src\main\AndroidManifest.xml:70:9-41
	android:allowBackup
		ADDED from src\main\AndroidManifest.xml:68:9-35
	android:icon
		ADDED from src\main\AndroidManifest.xml:69:9-45
	android:theme
		ADDED from src\main\AndroidManifest.xml:71:9-62
	tools:replace
		ADDED from src\main\AndroidManifest.xml:72:9-46
	android:name
		ADDED from src\main\AndroidManifest.xml:67:9-47
meta-data#com.amap.api.v2.apikey
ADDED from src\main\AndroidManifest.xml:73:9-75:51
	android:value
		ADDED from src\main\AndroidManifest.xml:75:13-48
		INJECTED from src\main\AndroidManifest.xml
	android:name
		ADDED from src\main\AndroidManifest.xml:74:13-50
meta-data#EASEMOB_APPKEY
ADDED from src\main\AndroidManifest.xml:78:9-80:49
	android:value
		ADDED from src\main\AndroidManifest.xml:80:13-46
		INJECTED from src\main\AndroidManifest.xml
	android:name
		ADDED from src\main\AndroidManifest.xml:79:13-42
service#com.hyphenate.chat.EMChatService
ADDED from src\main\AndroidManifest.xml:83:9-85:39
	android:exported
		ADDED from src\main\AndroidManifest.xml:85:13-36
	android:name
		ADDED from src\main\AndroidManifest.xml:84:13-60
receiver#com.hyphenate.chat.EMMonitorReceiver
ADDED from src\main\AndroidManifest.xml:87:9-97:20
	android:name
		ADDED from src\main\AndroidManifest.xml:87:19-70
intent-filter#android.intent.action.PACKAGE_REMOVED
ADDED from src\main\AndroidManifest.xml:88:13-91:29
action#android.intent.action.PACKAGE_REMOVED
ADDED from src\main\AndroidManifest.xml:89:17-80
	android:name
		ADDED from src\main\AndroidManifest.xml:89:25-77
data
ADDED from src\main\AndroidManifest.xml:90:17-50
	android:scheme
		ADDED from src\main\AndroidManifest.xml:90:23-47
intent-filter#android.intent.action.BOOT_COMPLETED+android.intent.action.USER_PRESENT
ADDED from src\main\AndroidManifest.xml:93:13-96:29
action#android.intent.action.BOOT_COMPLETED
ADDED from src\main\AndroidManifest.xml:94:17-79
	android:name
		ADDED from src\main\AndroidManifest.xml:94:25-76
action#android.intent.action.USER_PRESENT
ADDED from src\main\AndroidManifest.xml:95:17-77
	android:name
		ADDED from src\main\AndroidManifest.xml:95:25-74
activity#com.xsd.safecardapp.activity.MainTabActivity
ADDED from src\main\AndroidManifest.xml:99:9-103:84
	android:label
		ADDED from src\main\AndroidManifest.xml:102:13-45
	android:exported
		ADDED from src\main\AndroidManifest.xml:101:13-36
	android:theme
		ADDED from src\main\AndroidManifest.xml:103:13-72
	android:name
		ADDED from src\main\AndroidManifest.xml:100:13-72
activity#com.xsd.safecardapp.activity.UserInfoOfCardActivity
ADDED from src\main\AndroidManifest.xml:104:9-88
	android:name
		ADDED from src\main\AndroidManifest.xml:104:19-85
activity#com.xsd.safecardapp.activity.ShowPathActivity
ADDED from src\main\AndroidManifest.xml:105:9-82
	android:name
		ADDED from src\main\AndroidManifest.xml:105:19-79
activity#com.xsd.safecardapp.activity.GuideActivity
ADDED from src\main\AndroidManifest.xml:106:9-79
	android:name
		ADDED from src\main\AndroidManifest.xml:106:19-76
activity#com.xsd.safecardapp.activity.UserLoginActivity
ADDED from src\main\AndroidManifest.xml:107:9-92
	android:name
		ADDED from src\main\AndroidManifest.xml:107:19-80
activity#com.xsd.safecardapp.activity.UserRegister
ADDED from src\main\AndroidManifest.xml:108:9-78
	android:name
		ADDED from src\main\AndroidManifest.xml:108:19-75
activity#com.xsd.safecardapp.activity.SafeAreaActivity
ADDED from src\main\AndroidManifest.xml:109:9-91
	android:name
		ADDED from src\main\AndroidManifest.xml:109:19-79
activity#com.xsd.safecardapp.activity.AddSafeAreaActivity
ADDED from src\main\AndroidManifest.xml:110:9-94
	android:name
		ADDED from src\main\AndroidManifest.xml:110:19-82
activity#com.xsd.safecardapp.activity.EditSafeAreaActivity
ADDED from src\main\AndroidManifest.xml:111:9-95
	android:name
		ADDED from src\main\AndroidManifest.xml:111:19-83
activity#com.xsd.safecardapp.activity.OfflineMapActivity
ADDED from src\main\AndroidManifest.xml:112:9-93
	android:name
		ADDED from src\main\AndroidManifest.xml:112:19-81
activity#com.xsd.safecardapp.activity.BabyInfoActivity
ADDED from src\main\AndroidManifest.xml:113:9-91
	android:name
		ADDED from src\main\AndroidManifest.xml:113:19-79
activity#com.xsd.safecardapp.activity.SplashActivity
ADDED from src\main\AndroidManifest.xml:114:9-120:20
	android:name
		ADDED from src\main\AndroidManifest.xml:114:19-77
intent-filter#android.intent.action.MAIN+android.intent.category.LAUNCHER
ADDED from src\main\AndroidManifest.xml:115:13-119:29
action#android.intent.action.MAIN
ADDED from src\main\AndroidManifest.xml:116:17-69
	android:name
		ADDED from src\main\AndroidManifest.xml:116:25-66
category#android.intent.category.LAUNCHER
ADDED from src\main\AndroidManifest.xml:118:17-77
	android:name
		ADDED from src\main\AndroidManifest.xml:118:27-74
activity#com.xsd.safecardapp.activity.AddDeviceActivity
ADDED from src\main\AndroidManifest.xml:121:9-92
	android:name
		ADDED from src\main\AndroidManifest.xml:121:19-80
activity#com.xsd.safecardapp.activity.InputDeviceActivity
ADDED from src\main\AndroidManifest.xml:122:9-94
	android:name
		ADDED from src\main\AndroidManifest.xml:122:19-82
activity#com.xsd.safecardapp.activity.FlashDeviceActivity
ADDED from src\main\AndroidManifest.xml:123:9-94
	android:name
		ADDED from src\main\AndroidManifest.xml:123:19-82
activity#com.dtr.zxing.activity.CaptureActivity
ADDED from src\main\AndroidManifest.xml:124:9-84
	android:name
		ADDED from src\main\AndroidManifest.xml:124:19-72
activity#com.dtr.zxing.activity.ResultActivity
ADDED from src\main\AndroidManifest.xml:125:9-83
	android:name
		ADDED from src\main\AndroidManifest.xml:125:19-71
activity#com.xsd.safecardapp.activity.FamilyActivity
ADDED from src\main\AndroidManifest.xml:126:9-89
	android:name
		ADDED from src\main\AndroidManifest.xml:126:19-77
activity#com.xsd.safecardapp.activity.ResetPassWordActivity
ADDED from src\main\AndroidManifest.xml:127:9-96
	android:name
		ADDED from src\main\AndroidManifest.xml:127:19-84
activity#com.xsd.safecardapp.activity.CardInfoActivity
ADDED from src\main\AndroidManifest.xml:128:9-91
	android:name
		ADDED from src\main\AndroidManifest.xml:128:19-79
activity#com.xsd.safecardapp.activity.MessageItemActivity
ADDED from src\main\AndroidManifest.xml:129:9-94
	android:name
		ADDED from src\main\AndroidManifest.xml:129:19-82
activity#com.xsd.safecardapp.activity.CreateGesturePasswordActivity
ADDED from src\main\AndroidManifest.xml:130:9-104
	android:name
		ADDED from src\main\AndroidManifest.xml:130:19-92
activity#com.xsd.safecardapp.activity.UnlockGestureActivity
ADDED from src\main\AndroidManifest.xml:131:9-133:55
	android:launchMode
		ADDED from src\main\AndroidManifest.xml:133:13-43
	android:name
		ADDED from src\main\AndroidManifest.xml:132:13-78
activity#com.xsd.safecardapp.activity.SelectModeActivity
ADDED from src\main\AndroidManifest.xml:134:9-93
	android:name
		ADDED from src\main\AndroidManifest.xml:134:19-81
activity#com.xsd.safecardapp.activity.ResetGestureActivity
ADDED from src\main\AndroidManifest.xml:135:9-95
	android:name
		ADDED from src\main\AndroidManifest.xml:135:19-83
activity#com.xsd.safecardapp.activity.ForgetPassWordActivity
ADDED from src\main\AndroidManifest.xml:136:9-97
	android:name
		ADDED from src\main\AndroidManifest.xml:136:19-85
activity#com.xsd.safecardapp.activity.AlarmRecordActivity
ADDED from src\main\AndroidManifest.xml:137:9-94
	android:name
		ADDED from src\main\AndroidManifest.xml:137:19-82
activity#com.xsd.safecardapp.activity.AlarmDetailActivity
ADDED from src\main\AndroidManifest.xml:138:9-94
	android:name
		ADDED from src\main\AndroidManifest.xml:138:19-82
activity#com.xsd.safecardapp.activity.VersionInfoActivity
ADDED from src\main\AndroidManifest.xml:139:9-94
	android:name
		ADDED from src\main\AndroidManifest.xml:139:19-82
activity#com.xsd.safecardapp.activity.KeySettingActivity
ADDED from src\main\AndroidManifest.xml:140:9-93
	android:name
		ADDED from src\main\AndroidManifest.xml:140:19-81
activity#com.xsd.safecardapp.activity.ListenActivity
ADDED from src\main\AndroidManifest.xml:141:9-89
	android:name
		ADDED from src\main\AndroidManifest.xml:141:19-77
activity#com.xsd.safecardapp.activity.ManagerActivity
ADDED from src\main\AndroidManifest.xml:142:9-90
	android:name
		ADDED from src\main\AndroidManifest.xml:142:19-78
activity#com.xsd.safecardapp.activity.NoDisturbingActivity
ADDED from src\main\AndroidManifest.xml:143:9-145:84
	android:theme
		ADDED from src\main\AndroidManifest.xml:145:13-72
	android:name
		ADDED from src\main\AndroidManifest.xml:144:13-77
activity#com.xsd.safecardapp.activity.SchoolManageActivity
ADDED from src\main\AndroidManifest.xml:146:9-95
	android:name
		ADDED from src\main\AndroidManifest.xml:146:19-83
activity#com.xsd.safecardapp.activity.NoticeActivity
ADDED from src\main\AndroidManifest.xml:147:9-89
	android:name
		ADDED from src\main\AndroidManifest.xml:147:19-77
activity#com.xsd.safecardapp.activity.AttendenceActivity
ADDED from src\main\AndroidManifest.xml:148:9-93
	android:name
		ADDED from src\main\AndroidManifest.xml:148:19-81
activity#com.xsd.safecardapp.activity.ShowNoDisturbingActivity
ADDED from src\main\AndroidManifest.xml:149:9-99
	android:name
		ADDED from src\main\AndroidManifest.xml:149:19-87
activity#com.xsd.safecardapp.activity.SugesstionActivity
ADDED from src\main\AndroidManifest.xml:150:9-93
	android:name
		ADDED from src\main\AndroidManifest.xml:150:19-81
activity#com.xsd.safecardapp.activity.WhitelistActivity
ADDED from src\main\AndroidManifest.xml:151:9-92
	android:name
		ADDED from src\main\AndroidManifest.xml:151:19-80
activity#com.xsd.safecardapp.activity.WhiteListAddActivity
ADDED from src\main\AndroidManifest.xml:152:9-95
	android:name
		ADDED from src\main\AndroidManifest.xml:152:19-83
activity#com.xsd.safecardapp.activity.WhiteListEditActivity
ADDED from src\main\AndroidManifest.xml:153:9-96
	android:name
		ADDED from src\main\AndroidManifest.xml:153:19-84
activity#com.xsd.safecardapp.activity.EditDisturbinActivity
ADDED from src\main\AndroidManifest.xml:154:9-156:84
	android:theme
		ADDED from src\main\AndroidManifest.xml:156:13-72
	android:name
		ADDED from src\main\AndroidManifest.xml:155:13-78
activity#com.xsd.safecardapp.activity.ScheduleActivity
ADDED from src\main\AndroidManifest.xml:157:9-159:84
	android:theme
		ADDED from src\main\AndroidManifest.xml:159:13-72
	android:name
		ADDED from src\main\AndroidManifest.xml:158:13-73
activity#com.xsd.safecardapp.activity.DailyPerformanceActivity
ADDED from src\main\AndroidManifest.xml:160:9-162:84
	android:theme
		ADDED from src\main\AndroidManifest.xml:162:13-72
	android:name
		ADDED from src\main\AndroidManifest.xml:161:13-81
activity#com.xsd.safecardapp.activity.ContactsActivity
ADDED from src\main\AndroidManifest.xml:163:9-91
	android:name
		ADDED from src\main\AndroidManifest.xml:163:19-79
activity#com.xsd.safecardapp.activity.ChatActivity
ADDED from src\main\AndroidManifest.xml:164:9-78
	android:name
		ADDED from src\main\AndroidManifest.xml:164:19-75
activity#com.hyphenate.easeui.ui.EaseShowBigImageActivity
ADDED from src\main\AndroidManifest.xml:165:9-94
	android:name
		ADDED from src\main\AndroidManifest.xml:165:19-82
activity#com.xsd.safecardapp.activity.ListActivity
ADDED from src\main\AndroidManifest.xml:166:9-87
	android:name
		ADDED from src\main\AndroidManifest.xml:166:19-75
activity#com.xsd.safecardapp.activity.JobActivity
ADDED from src\main\AndroidManifest.xml:167:9-86
	android:name
		ADDED from src\main\AndroidManifest.xml:167:19-74
service#com.xsd.safecardapp.service.CheckNetWorkService
ADDED from src\main\AndroidManifest.xml:169:9-171:19
	android:name
		ADDED from src\main\AndroidManifest.xml:169:18-80
intente-filter
ADDED from src\main\AndroidManifest.xml:170:13-55
	android:priority
		ADDED from src\main\AndroidManifest.xml:170:29-52
service#com.xsd.safecardapp.service.HeartBeatService
ADDED from src\main\AndroidManifest.xml:172:9-88
	android:name
		ADDED from src\main\AndroidManifest.xml:172:18-77
service#com.amap.api.location.APSService
ADDED from src\main\AndroidManifest.xml:173:9-67
	android:name
		ADDED from src\main\AndroidManifest.xml:173:18-65
activity#com.mob.tools.MobUIShell
ADDED from src\main\AndroidManifest.xml:175:9-189:20
	android:screenOrientation
		ADDED from src\main\AndroidManifest.xml:178:13-49
	android:windowSoftInputMode
		ADDED from src\main\AndroidManifest.xml:180:13-67
	android:configChanges
		ADDED from src\main\AndroidManifest.xml:177:13-74
	android:theme
		ADDED from src\main\AndroidManifest.xml:179:13-72
	android:name
		ADDED from src\main\AndroidManifest.xml:176:13-52
intent-filter#android.intent.action.VIEW+android.intent.category.BROWSABLE+android.intent.category.DEFAULT
ADDED from src\main\AndroidManifest.xml:181:13-188:29
action#android.intent.action.VIEW
ADDED from src\main\AndroidManifest.xml:184:17-69
	android:name
		ADDED from src\main\AndroidManifest.xml:184:25-66
category#android.intent.category.BROWSABLE
ADDED from src\main\AndroidManifest.xml:186:17-78
	android:name
		ADDED from src\main\AndroidManifest.xml:186:27-75
category#android.intent.category.DEFAULT
ADDED from src\main\AndroidManifest.xml:187:17-76
	android:name
		ADDED from src\main\AndroidManifest.xml:187:27-73
activity#com.xsd.safecardapp.wxapi.WXEntryActivity
ADDED from src\main\AndroidManifest.xml:192:9-197:75
	android:screenOrientation
		ADDED from src\main\AndroidManifest.xml:196:13-49
	android:exported
		ADDED from src\main\AndroidManifest.xml:195:13-36
	android:configChanges
		ADDED from src\main\AndroidManifest.xml:194:13-74
	android:theme
		ADDED from src\main\AndroidManifest.xml:197:13-72
	android:name
		ADDED from src\main\AndroidManifest.xml:193:13-69
activity#cn.sharesdk.tencent.qq.ResultReceiver
ADDED from src\main\AndroidManifest.xml:200:9-212:20
	android:launchMode
		ADDED from src\main\AndroidManifest.xml:202:13-44
	android:noHistory
		ADDED from src\main\AndroidManifest.xml:203:13-37
	android:name
		ADDED from src\main\AndroidManifest.xml:201:13-65